<?xml version="1.0" encoding="UTF-8"?>
<!-- Generated by org.testng.reporters.JUnitXMLReporter -->
<testsuite ignored="0" hostname="DESKTOP-3E7FAE3" failures="0" tests="16" name="Default test" time="60.379" errors="0" timestamp="2023-07-04T13:18:10 BST">
  <testcase classname="Pkg_Extent.logintest" name="tc_000" time="0.2"/>
  <testcase classname="Pkg_Extent.logintest" name="tc_001" time="11.242"/>
  <testcase classname="Pkg_Extent.logintest" name="tc_002" time="5.077"/>
  <testcase classname="Pkg_Extent.logintest" name="tc_003" time="1.645"/>
  <testcase classname="Pkg_Extent.logintest" name="tc_004" time="1.358"/>
  <testcase classname="Pkg_Extent.logintest" name="tc_005" time="1.36"/>
  <testcase classname="Pkg_Extent.logintest" name="tc_006" time="1.277"/>
  <testcase classname="Pkg_Extent.logintest" name="tc_007" time="1.342"/>
  <testcase classname="Pkg_Extent.logintest" name="tc_008" time="1.329"/>
  <testcase classname="Pkg_Extent.logintest" name="tc_009" time="8.144"/>
  <testcase classname="Pkg_Extent.logintest" name="tc_010" time="1.89"/>
  <testcase classname="Pkg_Extent.logintest" name="tc_011" time="1.36"/>
  <testcase classname="Pkg_Extent.logintest" name="tc_012" time="7.66"/>
  <testcase classname="Pkg_Extent.logintest" name="tc_013" time="1.341"/>
  <testcase classname="Pkg_Extent.logintest" name="tc_014" time="1.33"/>
  <testcase classname="Pkg_Extent.logintest" name="tc_015" time="1.288"/>
</testsuite> <!-- Default test -->
