<?xml version="1.0" encoding="UTF-8"?>
<testng-results ignored="0" total="16" passed="16" failed="0" skipped="0">
  <reporter-output>
  </reporter-output>
  <suite started-at="2023-07-04T13:17:09 BST" name="Default suite" finished-at="2023-07-04T13:18:10 BST" duration-ms="60379">
    <groups>
    </groups>
    <test started-at="2023-07-04T13:17:09 BST" name="Default test" finished-at="2023-07-04T13:18:10 BST" duration-ms="60379">
      <class name="Pkg_Extent.logintest">
        <test-method is-config="true" signature="beforeTest()[pri:0, instance:Pkg_Extent.logintest@5bca7664]" started-at="2023-07-04T13:17:09 BST" name="beforeTest" finished-at="2023-07-04T13:17:21 BST" duration-ms="11853" status="PASS">
          <reporter-output>
          </reporter-output>
        </test-method> <!-- beforeTest -->
        <test-method signature="tc_000()[pri:0, instance:Pkg_Extent.logintest@5bca7664]" started-at="2023-07-04T13:17:21 BST" name="tc_000" finished-at="2023-07-04T13:17:21 BST" duration-ms="200" status="PASS">
          <reporter-output>
          </reporter-output>
        </test-method> <!-- tc_000 -->
        <test-method signature="tc_001(java.lang.String,java.lang.String,java.lang.String)[pri:0, instance:Pkg_Extent.logintest@5bca7664]" started-at="2023-07-04T13:17:21 BST" name="tc_001" data-provider="credentials" finished-at="2023-07-04T13:17:33 BST" duration-ms="11242" status="PASS">
          <params>
            <param index="0">
              <value>
                <![CDATA[bothcorrect]]>
              </value>
            </param>
            <param index="1">
              <value>
                <![CDATA[mohammedrafi.shaik@gmail.com]]>
              </value>
            </param>
            <param index="2">
              <value>
                <![CDATA[123456789]]>
              </value>
            </param>
          </params>
          <reporter-output>
          </reporter-output>
        </test-method> <!-- tc_001 -->
        <test-method signature="tc_002()[pri:0, instance:Pkg_Extent.logintest@5bca7664]" started-at="2023-07-04T13:17:33 BST" name="tc_002" finished-at="2023-07-04T13:17:38 BST" duration-ms="5077" status="PASS">
          <reporter-output>
          </reporter-output>
        </test-method> <!-- tc_002 -->
        <test-method signature="tc_003()[pri:0, instance:Pkg_Extent.logintest@5bca7664]" started-at="2023-07-04T13:17:38 BST" name="tc_003" finished-at="2023-07-04T13:17:39 BST" duration-ms="1645" status="PASS">
          <reporter-output>
          </reporter-output>
        </test-method> <!-- tc_003 -->
        <test-method signature="tc_004()[pri:0, instance:Pkg_Extent.logintest@5bca7664]" started-at="2023-07-04T13:17:39 BST" name="tc_004" finished-at="2023-07-04T13:17:41 BST" duration-ms="1358" status="PASS">
          <reporter-output>
          </reporter-output>
        </test-method> <!-- tc_004 -->
        <test-method signature="tc_005()[pri:0, instance:Pkg_Extent.logintest@5bca7664]" started-at="2023-07-04T13:17:41 BST" name="tc_005" finished-at="2023-07-04T13:17:42 BST" duration-ms="1360" status="PASS">
          <reporter-output>
          </reporter-output>
        </test-method> <!-- tc_005 -->
        <test-method signature="tc_006()[pri:0, instance:Pkg_Extent.logintest@5bca7664]" started-at="2023-07-04T13:17:42 BST" name="tc_006" finished-at="2023-07-04T13:17:43 BST" duration-ms="1277" status="PASS">
          <reporter-output>
          </reporter-output>
        </test-method> <!-- tc_006 -->
        <test-method signature="tc_007()[pri:0, instance:Pkg_Extent.logintest@5bca7664]" started-at="2023-07-04T13:17:43 BST" name="tc_007" finished-at="2023-07-04T13:17:45 BST" duration-ms="1342" status="PASS">
          <reporter-output>
          </reporter-output>
        </test-method> <!-- tc_007 -->
        <test-method signature="tc_008()[pri:0, instance:Pkg_Extent.logintest@5bca7664]" started-at="2023-07-04T13:17:45 BST" name="tc_008" finished-at="2023-07-04T13:17:46 BST" duration-ms="1329" status="PASS">
          <reporter-output>
          </reporter-output>
        </test-method> <!-- tc_008 -->
        <test-method signature="tc_009()[pri:0, instance:Pkg_Extent.logintest@5bca7664]" started-at="2023-07-04T13:17:46 BST" name="tc_009" finished-at="2023-07-04T13:17:54 BST" duration-ms="8144" status="PASS">
          <reporter-output>
          </reporter-output>
        </test-method> <!-- tc_009 -->
        <test-method signature="tc_010()[pri:0, instance:Pkg_Extent.logintest@5bca7664]" started-at="2023-07-04T13:17:54 BST" name="tc_010" finished-at="2023-07-04T13:17:56 BST" duration-ms="1890" status="PASS">
          <reporter-output>
          </reporter-output>
        </test-method> <!-- tc_010 -->
        <test-method signature="tc_011()[pri:0, instance:Pkg_Extent.logintest@5bca7664]" started-at="2023-07-04T13:17:56 BST" name="tc_011" finished-at="2023-07-04T13:17:57 BST" duration-ms="1360" status="PASS">
          <reporter-output>
          </reporter-output>
        </test-method> <!-- tc_011 -->
        <test-method signature="tc_012()[pri:0, instance:Pkg_Extent.logintest@5bca7664]" started-at="2023-07-04T13:17:57 BST" name="tc_012" finished-at="2023-07-04T13:18:05 BST" duration-ms="7660" status="PASS">
          <reporter-output>
          </reporter-output>
        </test-method> <!-- tc_012 -->
        <test-method signature="tc_013()[pri:0, instance:Pkg_Extent.logintest@5bca7664]" started-at="2023-07-04T13:18:05 BST" name="tc_013" finished-at="2023-07-04T13:18:06 BST" duration-ms="1341" status="PASS">
          <reporter-output>
          </reporter-output>
        </test-method> <!-- tc_013 -->
        <test-method signature="tc_014()[pri:0, instance:Pkg_Extent.logintest@5bca7664]" started-at="2023-07-04T13:18:06 BST" name="tc_014" finished-at="2023-07-04T13:18:08 BST" duration-ms="1330" status="PASS">
          <reporter-output>
          </reporter-output>
        </test-method> <!-- tc_014 -->
        <test-method signature="tc_015()[pri:0, instance:Pkg_Extent.logintest@5bca7664]" started-at="2023-07-04T13:18:08 BST" name="tc_015" finished-at="2023-07-04T13:18:09 BST" duration-ms="1288" status="PASS">
          <reporter-output>
          </reporter-output>
        </test-method> <!-- tc_015 -->
        <test-method is-config="true" signature="afterTest()[pri:0, instance:Pkg_Extent.logintest@5bca7664]" started-at="2023-07-04T13:18:09 BST" name="afterTest" finished-at="2023-07-04T13:18:10 BST" duration-ms="612" status="PASS">
          <reporter-output>
          </reporter-output>
        </test-method> <!-- afterTest -->
      </class> <!-- Pkg_Extent.logintest -->
    </test> <!-- Default test -->
  </suite> <!-- Default suite -->
</testng-results>
